<?xml version="1.0" encoding="UTF-8"?>
<!-- Generated by org.testng.reporters.JUnitReportReporter -->
<testsuite skipped="0" hostname="Tam_Nguyen" name="NewTest" tests="8" failures="0" timestamp="26 Oct 2018 15:53:09 GMT" time="23.618" errors="0">
  <testcase name="testParkingTestCase7Java" time="1.851" classname="NewTest"/>
  <testcase name="testParkingTestCase1" time="8.930" classname="NewTest"/>
  <testcase name="testParkingTestCase6Java" time="1.773" classname="NewTest"/>
  <testcase name="testParkingTestCase2" time="1.610" classname="NewTest"/>
  <testcase name="testParkingTestCase5Java" time="1.784" classname="NewTest"/>
  <testcase name="testParkingTestCase8" time="2.012" classname="NewTest"/>
  <testcase name="testParkingTestCase3" time="3.307" classname="NewTest"/>
  <testcase name="testParkingTestCase4Java" time="2.351" classname="NewTest"/>
</testsuite> <!-- NewTest -->
